::1 - - [17/Mar/2015:09:35:39 +0000] "GET /phpmyadmin/ HTTP/1.1" 200 7931
::1 - - [17/Mar/2015:09:35:47 +0000] "GET /phpmyadmin HTTP/1.1" 301 241
::1 - - [17/Mar/2015:09:35:47 +0000] "GET /phpmyadmin/ HTTP/1.1" 200 7935
::1 - - [17/Mar/2015:09:35:48 +0000] "GET /phpmyadmin/phpmyadmin.css.php?server=1&token=374f9795be3e72bb2b8da543536b581b&nocache=4247340842ltr HTTP/1.1" 200 1914
::1 - - [17/Mar/2015:09:35:48 +0000] "GET /phpmyadmin/js/messages.php?lang=en&db=&server=0&token=0fb38e611f5e3c32a8431b3d20485041 HTTP/1.1" 200 16674
::1 - - [17/Mar/2015:09:35:54 +0000] "POST /phpmyadmin/index.php HTTP/1.1" 302 -
::1 - - [17/Mar/2015:09:35:55 +0000] "GET /phpmyadmin/index.php?token=374f9795be3e72bb2b8da543536b581b HTTP/1.1" 200 43060
::1 - - [17/Mar/2015:09:35:56 +0000] "GET /phpmyadmin/phpmyadmin.css.php?server=1&token=374f9795be3e72bb2b8da543536b581b&nocache=5673925798ltr HTTP/1.1" 200 1914
::1 - - [17/Mar/2015:09:35:56 +0000] "GET /phpmyadmin/js/messages.php?lang=en&db=&server=0&token=374f9795be3e72bb2b8da543536b581b HTTP/1.1" 200 16674
::1 - - [17/Mar/2015:09:36:00 +0000] "GET /phpmyadmin/server_databases.php?db=&token=374f9795be3e72bb2b8da543536b581b HTTP/1.1" 200 38668
::1 - - [17/Mar/2015:09:36:02 +0000] "GET /phpmyadmin/db_structure.php?token=374f9795be3e72bb2b8da543536b581b&db=pastpapers HTTP/1.1" 200 21507
::1 - - [17/Mar/2015:09:36:03 +0000] "GET /phpmyadmin/js/messages.php?lang=en&db=pastpapers&server=0&token=374f9795be3e72bb2b8da543536b581b HTTP/1.1" 200 16674
::1 - - [17/Mar/2015:09:36:09 +0000] "GET /phpmyadmin/sql.php?db=pastpapers&token=374f9795be3e72bb2b8da543536b581b&goto=db_structure.php&table=answer&pos=0 HTTP/1.1" 200 105245
::1 - - [17/Mar/2015:09:36:11 +0000] "GET /phpmyadmin/themes/pmahomme/img/s_tbl.png HTTP/1.1" 200 684
::1 - - [17/Mar/2015:09:36:11 +0000] "GET /phpmyadmin/themes/pmahomme/img/b_tblexport.png HTTP/1.1" 200 606
::1 - - [17/Mar/2015:09:36:11 +0000] "GET /phpmyadmin/themes/pmahomme/img/b_tblimport.png HTTP/1.1" 200 592
::1 - - [17/Mar/2015:09:36:11 +0000] "GET /phpmyadmin/themes/pmahomme/img/s_success.png HTTP/1.1" 200 552
::1 - - [17/Mar/2015:09:36:11 +0000] "GET /phpmyadmin/themes/pmahomme/img/s_fulltext.png HTTP/1.1" 200 193
::1 - - [17/Mar/2015:09:36:11 +0000] "GET /phpmyadmin/themes/pmahomme/img/b_edit.png HTTP/1.1" 200 407
::1 - - [17/Mar/2015:09:36:11 +0000] "GET /phpmyadmin/themes/pmahomme/img/b_chart.png HTTP/1.1" 200 504
::1 - - [17/Mar/2015:09:36:11 +0000] "GET /phpmyadmin/themes/pmahomme/img/b_views.png HTTP/1.1" 200 630
::1 - - [17/Mar/2015:09:36:11 +0000] "GET /phpmyadmin/js/get_scripts.js.php?scripts[]=jquery/jquery-1.8.3.js&scripts[]=ajax.js&scripts[]=keyhandler.js&scripts[]=jquery/jquery-ui-1.9.2.custom.js&scripts[]=jquery/jquery.sprintf.js&scripts[]=jquery/jquery.cookie.js&scripts[]=jquery/jquery.mousewheel.js&scripts[]=jquery/jquery.event.drag-2.2.js&scripts[]=jquery/jquery-ui-timepicker-addon.js&scripts[]=jquery/jquery.ba-hashchange-1.3.js&scripts[]=jquery/jquery.debounce-1.0.5.js&scripts[]=jquery/jquery.menuResizer-1.0.js&scripts[]=rte.js&scripts[]=functions.js&scripts[]=navigation.js&scripts[]=indexes.js&scripts[]=common.js&scripts[]=tbl_change.js&scripts[]=tbl_structure.js&scripts[]=gis_data_editor.js&scripts[]=makegrid.js&scripts[]=sql.js&scripts[]=codemirror/lib/codemirror.js&scripts[]=codemirror/mode/mysql/mysql.js HTTP/1.1" 200 -
