2015-01-27 14:05:32 7428 [Note] Plugin 'FEDERATED' is disabled.
2015-01-27 14:05:32 7428 [Note] InnoDB: The InnoDB memory heap is disabled
2015-01-27 14:05:32 7428 [Note] InnoDB: Mutexes and rw_locks use Windows interlocked functions
2015-01-27 14:05:32 7428 [Note] InnoDB: Compressed tables use zlib 1.2.3
2015-01-27 14:05:32 7428 [Note] InnoDB: Not using CPU crc32 instructions
2015-01-27 14:05:32 7428 [Note] InnoDB: Initializing buffer pool, size = 128.0M
2015-01-27 14:05:32 7428 [Note] InnoDB: Completed initialization of buffer pool
2015-01-27 14:05:32 7428 [Note] InnoDB: Highest supported file format is Barracuda.
2015-01-27 14:05:32 7428 [Note] InnoDB: The log sequence numbers 1626134 and 1626134 in ibdata files do not match the log sequence number 2077485 in the ib_logfiles!
2015-01-27 14:05:32 7428 [Note] InnoDB: Database was not shutdown normally!
2015-01-27 14:05:32 7428 [Note] InnoDB: Starting crash recovery.
2015-01-27 14:05:32 7428 [Note] InnoDB: Reading tablespace information from the .ibd files...
2015-01-27 14:05:32 7428 [Note] InnoDB: Restoring possible half-written data pages 
2015-01-27 14:05:32 7428 [Note] InnoDB: from the doublewrite buffer...
2015-01-27 14:05:33 7428 [Note] InnoDB: 128 rollback segment(s) are active.
2015-01-27 14:05:33 7428 [Note] InnoDB: Waiting for purge to start
2015-01-27 14:05:33 7428 [Note] InnoDB: 5.6.13 started; log sequence number 2077485
2015-01-27 14:05:33 7428 [Note] Server hostname (bind-address): '*'; port: 3307
2015-01-27 14:05:33 7428 [Note] IPv6 is available.
2015-01-27 14:05:33 7428 [Note]   - '::' resolves to '::';
2015-01-27 14:05:33 7428 [Note] Server socket created on IP: '::'.
2015-01-28 11:12:19 3876 [Note] Plugin 'FEDERATED' is disabled.
2015-01-28 11:12:19 3876 [Note] InnoDB: The InnoDB memory heap is disabled
2015-01-28 11:12:19 3876 [Note] InnoDB: Mutexes and rw_locks use Windows interlocked functions
2015-01-28 11:12:19 3876 [Note] InnoDB: Compressed tables use zlib 1.2.3
2015-01-28 11:12:19 3876 [Note] InnoDB: Not using CPU crc32 instructions
2015-01-28 11:12:19 3876 [Note] InnoDB: Initializing buffer pool, size = 128.0M
2015-01-28 11:12:19 3876 [Note] InnoDB: Completed initialization of buffer pool
2015-01-28 11:12:19 3876 [Note] InnoDB: Highest supported file format is Barracuda.
2015-01-28 11:12:19 3876 [Note] InnoDB: The log sequence numbers 1626134 and 1626134 in ibdata files do not match the log sequence number 2077495 in the ib_logfiles!
2015-01-28 11:12:19 3876 [Note] InnoDB: Database was not shutdown normally!
2015-01-28 11:12:19 3876 [Note] InnoDB: Starting crash recovery.
2015-01-28 11:12:19 3876 [Note] InnoDB: Reading tablespace information from the .ibd files...
2015-01-28 11:12:19 3876 [Note] InnoDB: Restoring possible half-written data pages 
2015-01-28 11:12:19 3876 [Note] InnoDB: from the doublewrite buffer...
2015-01-28 11:12:20 3876 [Note] InnoDB: 128 rollback segment(s) are active.
2015-01-28 11:12:20 3876 [Note] InnoDB: Waiting for purge to start
2015-01-28 11:12:20 3876 [Note] InnoDB: 5.6.13 started; log sequence number 2077495
2015-01-28 11:12:20 3876 [Note] Server hostname (bind-address): '*'; port: 3307
2015-01-28 11:12:20 3876 [Note] IPv6 is available.
2015-01-28 11:12:20 3876 [Note]   - '::' resolves to '::';
2015-01-28 11:12:20 3876 [Note] Server socket created on IP: '::'.
2015-01-28 16:21:12 5216 [Note] Plugin 'FEDERATED' is disabled.
2015-01-28 16:21:12 5216 [Note] InnoDB: The InnoDB memory heap is disabled
2015-01-28 16:21:12 5216 [Note] InnoDB: Mutexes and rw_locks use Windows interlocked functions
2015-01-28 16:21:12 5216 [Note] InnoDB: Compressed tables use zlib 1.2.3
2015-01-28 16:21:12 5216 [Note] InnoDB: Not using CPU crc32 instructions
2015-01-28 16:21:12 5216 [Note] InnoDB: Initializing buffer pool, size = 128.0M
2015-01-28 16:21:12 5216 [Note] InnoDB: Completed initialization of buffer pool
2015-01-28 16:21:12 5216 [Note] InnoDB: Highest supported file format is Barracuda.
2015-01-28 16:21:12 5216 [Note] InnoDB: The log sequence numbers 1626134 and 1626134 in ibdata files do not match the log sequence number 2077505 in the ib_logfiles!
2015-01-28 16:21:12 5216 [Note] InnoDB: Database was not shutdown normally!
2015-01-28 16:21:12 5216 [Note] InnoDB: Starting crash recovery.
2015-01-28 16:21:12 5216 [Note] InnoDB: Reading tablespace information from the .ibd files...
2015-01-28 16:21:12 5216 [Note] InnoDB: Restoring possible half-written data pages 
2015-01-28 16:21:12 5216 [Note] InnoDB: from the doublewrite buffer...
2015-01-28 16:21:12 5216 [Note] InnoDB: 128 rollback segment(s) are active.
2015-01-28 16:21:12 5216 [Note] InnoDB: Waiting for purge to start
2015-01-28 16:21:12 5216 [Note] InnoDB: 5.6.13 started; log sequence number 2077505
2015-01-28 16:21:12 5216 [Note] Server hostname (bind-address): '*'; port: 3307
2015-01-28 16:21:12 5216 [Note] IPv6 is available.
2015-01-28 16:21:12 5216 [Note]   - '::' resolves to '::';
2015-01-28 16:21:12 5216 [Note] Server socket created on IP: '::'.
2015-01-30 12:07:32 2680 [Note] Plugin 'FEDERATED' is disabled.
2015-01-30 12:07:32 2680 [Note] InnoDB: The InnoDB memory heap is disabled
2015-01-30 12:07:32 2680 [Note] InnoDB: Mutexes and rw_locks use Windows interlocked functions
2015-01-30 12:07:32 2680 [Note] InnoDB: Compressed tables use zlib 1.2.3
2015-01-30 12:07:32 2680 [Note] InnoDB: Not using CPU crc32 instructions
2015-01-30 12:07:32 2680 [Note] InnoDB: Initializing buffer pool, size = 128.0M
2015-01-30 12:07:32 2680 [Note] InnoDB: Completed initialization of buffer pool
2015-01-30 12:07:32 2680 [Note] InnoDB: Highest supported file format is Barracuda.
2015-01-30 12:07:32 2680 [Note] InnoDB: The log sequence numbers 1626134 and 1626134 in ibdata files do not match the log sequence number 2293217 in the ib_logfiles!
2015-01-30 12:07:32 2680 [Note] InnoDB: Database was not shutdown normally!
2015-01-30 12:07:32 2680 [Note] InnoDB: Starting crash recovery.
2015-01-30 12:07:32 2680 [Note] InnoDB: Reading tablespace information from the .ibd files...
2015-01-30 12:07:32 2680 [Note] InnoDB: Restoring possible half-written data pages 
2015-01-30 12:07:32 2680 [Note] InnoDB: from the doublewrite buffer...
2015-01-30 12:07:32 2680 [Note] InnoDB: 128 rollback segment(s) are active.
2015-01-30 12:07:32 2680 [Note] InnoDB: Waiting for purge to start
2015-01-30 12:07:32 2680 [Note] InnoDB: 5.6.13 started; log sequence number 2293217
2015-01-30 12:07:32 2680 [Note] Server hostname (bind-address): '*'; port: 3307
2015-01-30 12:07:32 2680 [Note] IPv6 is available.
2015-01-30 12:07:32 2680 [Note]   - '::' resolves to '::';
2015-01-30 12:07:32 2680 [Note] Server socket created on IP: '::'.
2015-01-31 12:05:56 3968 [Note] Plugin 'FEDERATED' is disabled.
2015-01-31 12:05:56 3968 [Note] InnoDB: The InnoDB memory heap is disabled
2015-01-31 12:05:56 3968 [Note] InnoDB: Mutexes and rw_locks use Windows interlocked functions
2015-01-31 12:05:56 3968 [Note] InnoDB: Compressed tables use zlib 1.2.3
2015-01-31 12:05:56 3968 [Note] InnoDB: Not using CPU crc32 instructions
2015-01-31 12:05:56 3968 [Note] InnoDB: Initializing buffer pool, size = 128.0M
2015-01-31 12:05:56 3968 [Note] InnoDB: Completed initialization of buffer pool
2015-01-31 12:05:56 3968 [Note] InnoDB: Highest supported file format is Barracuda.
2015-01-31 12:05:56 3968 [Note] InnoDB: The log sequence numbers 1626134 and 1626134 in ibdata files do not match the log sequence number 2293227 in the ib_logfiles!
2015-01-31 12:05:56 3968 [Note] InnoDB: Database was not shutdown normally!
2015-01-31 12:05:56 3968 [Note] InnoDB: Starting crash recovery.
2015-01-31 12:05:56 3968 [Note] InnoDB: Reading tablespace information from the .ibd files...
2015-01-31 12:05:57 3968 [Note] InnoDB: Restoring possible half-written data pages 
2015-01-31 12:05:57 3968 [Note] InnoDB: from the doublewrite buffer...
2015-01-31 12:05:58 3968 [Note] InnoDB: 128 rollback segment(s) are active.
2015-01-31 12:05:58 3968 [Note] InnoDB: Waiting for purge to start
2015-01-31 12:05:58 3968 [Note] InnoDB: 5.6.13 started; log sequence number 2293227
2015-01-31 12:05:58 3968 [Note] Server hostname (bind-address): '*'; port: 3307
2015-01-31 12:05:58 3968 [Note] IPv6 is available.
2015-01-31 12:05:58 3968 [Note]   - '::' resolves to '::';
2015-01-31 12:05:58 3968 [Note] Server socket created on IP: '::'.
2015-02-07 10:13:18 7240 [Note] Plugin 'FEDERATED' is disabled.
2015-02-07 10:13:18 7240 [Note] InnoDB: The InnoDB memory heap is disabled
2015-02-07 10:13:18 7240 [Note] InnoDB: Mutexes and rw_locks use Windows interlocked functions
2015-02-07 10:13:18 7240 [Note] InnoDB: Compressed tables use zlib 1.2.3
2015-02-07 10:13:18 7240 [Note] InnoDB: Not using CPU crc32 instructions
2015-02-07 10:13:18 7240 [Note] InnoDB: Initializing buffer pool, size = 128.0M
2015-02-07 10:13:18 7240 [Note] InnoDB: Completed initialization of buffer pool
2015-02-07 10:13:18 7240 [Note] InnoDB: Highest supported file format is Barracuda.
2015-02-07 10:13:18 7240 [Note] InnoDB: The log sequence numbers 1626134 and 1626134 in ibdata files do not match the log sequence number 2293293 in the ib_logfiles!
2015-02-07 10:13:18 7240 [Note] InnoDB: Database was not shutdown normally!
2015-02-07 10:13:18 7240 [Note] InnoDB: Starting crash recovery.
2015-02-07 10:13:18 7240 [Note] InnoDB: Reading tablespace information from the .ibd files...
2015-02-07 10:13:18 7240 [Note] InnoDB: Restoring possible half-written data pages 
2015-02-07 10:13:18 7240 [Note] InnoDB: from the doublewrite buffer...
2015-02-07 10:13:20 7240 [Note] InnoDB: 128 rollback segment(s) are active.
2015-02-07 10:13:20 7240 [Note] InnoDB: Waiting for purge to start
2015-02-07 10:13:20 7240 [Note] InnoDB: 5.6.13 started; log sequence number 2293293
2015-02-07 10:13:20 7240 [Note] Server hostname (bind-address): '*'; port: 3307
2015-02-07 10:13:20 7240 [Note] IPv6 is available.
2015-02-07 10:13:20 7240 [Note]   - '::' resolves to '::';
2015-02-07 10:13:20 7240 [Note] Server socket created on IP: '::'.
2015-02-11 20:07:04 5764 [Note] Plugin 'FEDERATED' is disabled.
2015-02-11 20:07:04 5764 [Note] InnoDB: The InnoDB memory heap is disabled
2015-02-11 20:07:04 5764 [Note] InnoDB: Mutexes and rw_locks use Windows interlocked functions
2015-02-11 20:07:04 5764 [Note] InnoDB: Compressed tables use zlib 1.2.3
2015-02-11 20:07:04 5764 [Note] InnoDB: Not using CPU crc32 instructions
2015-02-11 20:07:04 5764 [Note] InnoDB: Initializing buffer pool, size = 128.0M
2015-02-11 20:07:04 5764 [Note] InnoDB: Completed initialization of buffer pool
2015-02-11 20:07:05 5764 [Note] InnoDB: Highest supported file format is Barracuda.
2015-02-11 20:07:05 5764 [Note] InnoDB: The log sequence numbers 1626134 and 1626134 in ibdata files do not match the log sequence number 2344851 in the ib_logfiles!
2015-02-11 20:07:05 5764 [Note] InnoDB: Database was not shutdown normally!
2015-02-11 20:07:05 5764 [Note] InnoDB: Starting crash recovery.
2015-02-11 20:07:05 5764 [Note] InnoDB: Reading tablespace information from the .ibd files...
2015-02-11 20:07:05 5764 [Note] InnoDB: Restoring possible half-written data pages 
2015-02-11 20:07:05 5764 [Note] InnoDB: from the doublewrite buffer...
2015-02-11 20:07:06 5764 [Note] InnoDB: 128 rollback segment(s) are active.
2015-02-11 20:07:06 5764 [Note] InnoDB: Waiting for purge to start
2015-02-11 20:07:06 5764 [Note] InnoDB: 5.6.13 started; log sequence number 2344851
2015-02-11 20:07:06 5764 [Note] Server hostname (bind-address): '*'; port: 3307
2015-02-11 20:07:06 5764 [Note] IPv6 is available.
2015-02-11 20:07:06 5764 [Note]   - '::' resolves to '::';
2015-02-11 20:07:06 5764 [Note] Server socket created on IP: '::'.
2015-02-16 12:26:40 5264 [Note] Plugin 'FEDERATED' is disabled.
2015-02-16 12:26:40 5264 [Note] InnoDB: The InnoDB memory heap is disabled
2015-02-16 12:26:40 5264 [Note] InnoDB: Mutexes and rw_locks use Windows interlocked functions
2015-02-16 12:26:40 5264 [Note] InnoDB: Compressed tables use zlib 1.2.3
2015-02-16 12:26:40 5264 [Note] InnoDB: Not using CPU crc32 instructions
2015-02-16 12:26:40 5264 [Note] InnoDB: Initializing buffer pool, size = 128.0M
2015-02-16 12:26:40 5264 [Note] InnoDB: Completed initialization of buffer pool
2015-02-16 12:26:40 5264 [Note] InnoDB: Highest supported file format is Barracuda.
2015-02-16 12:26:40 5264 [Note] InnoDB: The log sequence numbers 1626134 and 1626134 in ibdata files do not match the log sequence number 2344861 in the ib_logfiles!
2015-02-16 12:26:40 5264 [Note] InnoDB: Database was not shutdown normally!
2015-02-16 12:26:40 5264 [Note] InnoDB: Starting crash recovery.
2015-02-16 12:26:40 5264 [Note] InnoDB: Reading tablespace information from the .ibd files...
2015-02-16 12:26:40 5264 [Note] InnoDB: Restoring possible half-written data pages 
2015-02-16 12:26:40 5264 [Note] InnoDB: from the doublewrite buffer...
2015-02-16 12:26:42 5264 [Note] InnoDB: 128 rollback segment(s) are active.
2015-02-16 12:26:42 5264 [Note] InnoDB: Waiting for purge to start
2015-02-16 12:26:42 5264 [Note] InnoDB: 5.6.13 started; log sequence number 2344861
2015-02-16 12:26:42 5264 [Note] Server hostname (bind-address): '*'; port: 3307
2015-02-16 12:26:43 5264 [Note] IPv6 is available.
2015-02-16 12:26:43 5264 [Note]   - '::' resolves to '::';
2015-02-16 12:26:43 5264 [Note] Server socket created on IP: '::'.
2015-02-26 17:26:47 4316 [Note] Plugin 'FEDERATED' is disabled.
2015-02-26 17:26:48 4316 [Note] InnoDB: The InnoDB memory heap is disabled
2015-02-26 17:26:48 4316 [Note] InnoDB: Mutexes and rw_locks use Windows interlocked functions
2015-02-26 17:26:48 4316 [Note] InnoDB: Compressed tables use zlib 1.2.3
2015-02-26 17:26:48 4316 [Note] InnoDB: Not using CPU crc32 instructions
2015-02-26 17:26:48 4316 [Note] InnoDB: Initializing buffer pool, size = 128.0M
2015-02-26 17:26:48 4316 [Note] InnoDB: Completed initialization of buffer pool
2015-02-26 17:26:48 4316 [Note] InnoDB: Highest supported file format is Barracuda.
2015-02-26 17:26:48 4316 [Note] InnoDB: The log sequence numbers 1626134 and 1626134 in ibdata files do not match the log sequence number 2347703 in the ib_logfiles!
2015-02-26 17:26:48 4316 [Note] InnoDB: Database was not shutdown normally!
2015-02-26 17:26:48 4316 [Note] InnoDB: Starting crash recovery.
2015-02-26 17:26:48 4316 [Note] InnoDB: Reading tablespace information from the .ibd files...
2015-02-26 17:26:48 4316 [Note] InnoDB: Restoring possible half-written data pages 
2015-02-26 17:26:48 4316 [Note] InnoDB: from the doublewrite buffer...
2015-02-26 17:26:49 4316 [Note] InnoDB: 128 rollback segment(s) are active.
2015-02-26 17:26:49 4316 [Note] InnoDB: Waiting for purge to start
2015-02-26 17:26:49 4316 [Note] InnoDB: 5.6.13 started; log sequence number 2347703
2015-02-26 17:26:49 4316 [Note] Server hostname (bind-address): '*'; port: 3307
2015-02-26 17:26:50 4316 [Note] IPv6 is available.
2015-02-26 17:26:50 4316 [Note]   - '::' resolves to '::';
2015-02-26 17:26:50 4316 [Note] Server socket created on IP: '::'.
2015-02-26 17:26:51 4316 [Note] Event Scheduler: Loaded 0 events
2015-02-26 17:26:51 4316 [Note] F:\Web Server/mysql/bin/mysqld_usbwv8.exe: ready for connections.
Version: '5.6.13'  socket: ''  port: 3307  MySQL Community Server (GPL)
2015-02-28 12:58:25 6680 [Note] Plugin 'FEDERATED' is disabled.
2015-02-28 12:58:25 6680 [Note] InnoDB: The InnoDB memory heap is disabled
2015-02-28 12:58:25 6680 [Note] InnoDB: Mutexes and rw_locks use Windows interlocked functions
2015-02-28 12:58:25 6680 [Note] InnoDB: Compressed tables use zlib 1.2.3
2015-02-28 12:58:25 6680 [Note] InnoDB: Not using CPU crc32 instructions
2015-02-28 12:58:25 6680 [Note] InnoDB: Initializing buffer pool, size = 128.0M
2015-02-28 12:58:25 6680 [Note] InnoDB: Completed initialization of buffer pool
2015-02-28 12:58:25 6680 [Note] InnoDB: Highest supported file format is Barracuda.
2015-02-28 12:58:25 6680 [Note] InnoDB: The log sequence numbers 1626134 and 1626134 in ibdata files do not match the log sequence number 2425437 in the ib_logfiles!
2015-02-28 12:58:25 6680 [Note] InnoDB: Database was not shutdown normally!
2015-02-28 12:58:25 6680 [Note] InnoDB: Starting crash recovery.
2015-02-28 12:58:25 6680 [Note] InnoDB: Reading tablespace information from the .ibd files...
2015-02-28 12:58:25 6680 [Note] InnoDB: Restoring possible half-written data pages 
2015-02-28 12:58:25 6680 [Note] InnoDB: from the doublewrite buffer...
2015-02-28 12:58:27 6680 [Note] InnoDB: 128 rollback segment(s) are active.
2015-02-28 12:58:27 6680 [Note] InnoDB: Waiting for purge to start
2015-02-28 12:58:27 6680 [Note] InnoDB: 5.6.13 started; log sequence number 2425437
2015-02-28 12:58:27 6680 [Note] Server hostname (bind-address): '*'; port: 3307
2015-02-28 12:58:27 6680 [Note] IPv6 is available.
2015-02-28 12:58:27 6680 [Note]   - '::' resolves to '::';
2015-02-28 12:58:27 6680 [Note] Server socket created on IP: '::'.
2015-03-02 20:02:40 3284 [Note] Plugin 'FEDERATED' is disabled.
2015-03-02 20:02:40 3284 [Note] InnoDB: The InnoDB memory heap is disabled
2015-03-02 20:02:40 3284 [Note] InnoDB: Mutexes and rw_locks use Windows interlocked functions
2015-03-02 20:02:40 3284 [Note] InnoDB: Compressed tables use zlib 1.2.3
2015-03-02 20:02:40 3284 [Note] InnoDB: Not using CPU crc32 instructions
2015-03-02 20:02:40 3284 [Note] InnoDB: Initializing buffer pool, size = 128.0M
2015-03-02 20:02:40 3284 [Note] InnoDB: Completed initialization of buffer pool
2015-03-02 20:02:40 3284 [Note] InnoDB: Highest supported file format is Barracuda.
2015-03-02 20:02:40 3284 [Note] InnoDB: The log sequence numbers 1626134 and 1626134 in ibdata files do not match the log sequence number 2425537 in the ib_logfiles!
2015-03-02 20:02:40 3284 [Note] InnoDB: Database was not shutdown normally!
2015-03-02 20:02:40 3284 [Note] InnoDB: Starting crash recovery.
2015-03-02 20:02:40 3284 [Note] InnoDB: Reading tablespace information from the .ibd files...
2015-03-02 20:02:40 3284 [Note] InnoDB: Restoring possible half-written data pages 
2015-03-02 20:02:40 3284 [Note] InnoDB: from the doublewrite buffer...
2015-03-02 20:02:42 3284 [Note] InnoDB: 128 rollback segment(s) are active.
2015-03-02 20:02:42 3284 [Note] InnoDB: Waiting for purge to start
2015-03-02 20:02:42 3284 [Note] InnoDB: 5.6.13 started; log sequence number 2425537
2015-03-02 20:02:42 3284 [Note] Server hostname (bind-address): '*'; port: 3307
2015-03-02 20:02:42 3284 [Note] IPv6 is available.
2015-03-02 20:02:42 3284 [Note]   - '::' resolves to '::';
2015-03-02 20:02:42 3284 [Note] Server socket created on IP: '::'.
2015-03-02 20:02:42 3284 [Note] Event Scheduler: Loaded 0 events
2015-03-02 20:02:42 3284 [Note] F:\Web Server/mysql/bin/mysqld_usbwv8.exe: ready for connections.
Version: '5.6.13'  socket: ''  port: 3307  MySQL Community Server (GPL)
