2014-11-24 16:51:00 5380 [Note] Plugin 'FEDERATED' is disabled.
2014-11-24 16:51:00 5380 [Note] InnoDB: The InnoDB memory heap is disabled
2014-11-24 16:51:00 5380 [Note] InnoDB: Mutexes and rw_locks use Windows interlocked functions
2014-11-24 16:51:00 5380 [Note] InnoDB: Compressed tables use zlib 1.2.3
2014-11-24 16:51:00 5380 [Note] InnoDB: Not using CPU crc32 instructions
2014-11-24 16:51:00 5380 [Note] InnoDB: Initializing buffer pool, size = 128.0M
2014-11-24 16:51:00 5380 [Note] InnoDB: Completed initialization of buffer pool
2014-11-24 16:51:00 5380 [Note] InnoDB: Highest supported file format is Barracuda.
2014-11-24 16:51:00 5380 [Note] InnoDB: The log sequence numbers 1626134 and 1626134 in ibdata files do not match the log sequence number 1790695 in the ib_logfiles!
2014-11-24 16:51:00 5380 [Note] InnoDB: Database was not shutdown normally!
2014-11-24 16:51:00 5380 [Note] InnoDB: Starting crash recovery.
2014-11-24 16:51:00 5380 [Note] InnoDB: Reading tablespace information from the .ibd files...
2014-11-24 16:51:00 5380 [Note] InnoDB: Restoring possible half-written data pages 
2014-11-24 16:51:00 5380 [Note] InnoDB: from the doublewrite buffer...
2014-11-24 16:51:00 5380 [Note] InnoDB: 128 rollback segment(s) are active.
2014-11-24 16:51:00 5380 [Note] InnoDB: Waiting for purge to start
2014-11-24 16:51:00 5380 [Note] InnoDB: 5.6.13 started; log sequence number 1790695
2014-11-24 16:51:00 5380 [Note] Server hostname (bind-address): '*'; port: 3307
2014-11-24 16:51:00 5380 [Note] IPv6 is available.
2014-11-24 16:51:00 5380 [Note]   - '::' resolves to '::';
2014-11-24 16:51:00 5380 [Note] Server socket created on IP: '::'.
2014-11-24 16:51:01 5380 [Note] Event Scheduler: Loaded 0 events
2014-11-24 16:51:01 5380 [Note] G:\Web Server/mysql/bin/mysqld_usbwv8.exe: ready for connections.
Version: '5.6.13'  socket: ''  port: 3307  MySQL Community Server (GPL)
2014-12-06 12:22:09 5496 [Note] Plugin 'FEDERATED' is disabled.
2014-12-06 12:22:09 5496 [Note] InnoDB: The InnoDB memory heap is disabled
2014-12-06 12:22:09 5496 [Note] InnoDB: Mutexes and rw_locks use Windows interlocked functions
2014-12-06 12:22:09 5496 [Note] InnoDB: Compressed tables use zlib 1.2.3
2014-12-06 12:22:09 5496 [Note] InnoDB: Not using CPU crc32 instructions
2014-12-06 12:22:09 5496 [Note] InnoDB: Initializing buffer pool, size = 128.0M
2014-12-06 12:22:09 5496 [Note] InnoDB: Completed initialization of buffer pool
2014-12-06 12:22:09 5496 [Note] InnoDB: Highest supported file format is Barracuda.
2014-12-06 12:22:09 5496 [Note] InnoDB: The log sequence numbers 1626134 and 1626134 in ibdata files do not match the log sequence number 2063160 in the ib_logfiles!
2014-12-06 12:22:09 5496 [Note] InnoDB: Database was not shutdown normally!
2014-12-06 12:22:09 5496 [Note] InnoDB: Starting crash recovery.
2014-12-06 12:22:09 5496 [Note] InnoDB: Reading tablespace information from the .ibd files...
2014-12-06 12:22:09 5496 [Note] InnoDB: Restoring possible half-written data pages 
2014-12-06 12:22:09 5496 [Note] InnoDB: from the doublewrite buffer...
2014-12-06 12:22:11 5496 [Note] InnoDB: 128 rollback segment(s) are active.
2014-12-06 12:22:11 5496 [Note] InnoDB: Waiting for purge to start
2014-12-06 12:22:11 5496 [Note] InnoDB: 5.6.13 started; log sequence number 2063160
2014-12-06 12:22:11 5496 [Note] Server hostname (bind-address): '*'; port: 3307
2014-12-06 12:22:11 5496 [Note] IPv6 is available.
2014-12-06 12:22:11 5496 [Note]   - '::' resolves to '::';
2014-12-06 12:22:11 5496 [Note] Server socket created on IP: '::'.
2014-12-06 12:22:12 5496 [Note] Event Scheduler: Loaded 0 events
2014-12-06 12:22:12 5496 [Note] I:\Web Server/mysql/bin/mysqld_usbwv8.exe: ready for connections.
Version: '5.6.13'  socket: ''  port: 3307  MySQL Community Server (GPL)
2014-12-23 15:53:14 6232 [Note] Plugin 'FEDERATED' is disabled.
2014-12-23 15:53:14 6232 [Note] InnoDB: The InnoDB memory heap is disabled
2014-12-23 15:53:14 6232 [Note] InnoDB: Mutexes and rw_locks use Windows interlocked functions
2014-12-23 15:53:14 6232 [Note] InnoDB: Compressed tables use zlib 1.2.3
2014-12-23 15:53:14 6232 [Note] InnoDB: Not using CPU crc32 instructions
2014-12-23 15:53:14 6232 [Note] InnoDB: Initializing buffer pool, size = 128.0M
2014-12-23 15:53:14 6232 [Note] InnoDB: Completed initialization of buffer pool
2014-12-23 15:53:14 6232 [Note] InnoDB: Highest supported file format is Barracuda.
2014-12-23 15:53:14 6232 [Note] InnoDB: The log sequence numbers 1626134 and 1626134 in ibdata files do not match the log sequence number 2077465 in the ib_logfiles!
2014-12-23 15:53:14 6232 [Note] InnoDB: Database was not shutdown normally!
2014-12-23 15:53:14 6232 [Note] InnoDB: Starting crash recovery.
2014-12-23 15:53:14 6232 [Note] InnoDB: Reading tablespace information from the .ibd files...
2014-12-23 15:53:14 6232 [Note] InnoDB: Restoring possible half-written data pages 
2014-12-23 15:53:14 6232 [Note] InnoDB: from the doublewrite buffer...
2014-12-23 15:53:16 6232 [Note] InnoDB: 128 rollback segment(s) are active.
2014-12-23 15:53:16 6232 [Note] InnoDB: Waiting for purge to start
2014-12-23 15:53:17 6232 [Note] InnoDB: 5.6.13 started; log sequence number 2077465
2014-12-23 15:53:17 6232 [Note] Server hostname (bind-address): '*'; port: 3307
2014-12-23 15:53:17 6232 [Note] IPv6 is available.
2014-12-23 15:53:17 6232 [Note]   - '::' resolves to '::';
2014-12-23 15:53:17 6232 [Note] Server socket created on IP: '::'.
2015-01-10 12:04:03 7156 [Note] Plugin 'FEDERATED' is disabled.
2015-01-10 12:04:03 7156 [Note] InnoDB: The InnoDB memory heap is disabled
2015-01-10 12:04:03 7156 [Note] InnoDB: Mutexes and rw_locks use Windows interlocked functions
2015-01-10 12:04:03 7156 [Note] InnoDB: Compressed tables use zlib 1.2.3
2015-01-10 12:04:03 7156 [Note] InnoDB: Not using CPU crc32 instructions
2015-01-10 12:04:03 7156 [Note] InnoDB: Initializing buffer pool, size = 128.0M
2015-01-10 12:04:03 7156 [Note] InnoDB: Completed initialization of buffer pool
2015-01-10 12:04:03 7156 [Note] InnoDB: Highest supported file format is Barracuda.
2015-01-10 12:04:03 7156 [Note] InnoDB: The log sequence numbers 1626134 and 1626134 in ibdata files do not match the log sequence number 2077475 in the ib_logfiles!
2015-01-10 12:04:03 7156 [Note] InnoDB: Database was not shutdown normally!
2015-01-10 12:04:03 7156 [Note] InnoDB: Starting crash recovery.
2015-01-10 12:04:03 7156 [Note] InnoDB: Reading tablespace information from the .ibd files...
2015-01-10 12:04:03 7156 [Note] InnoDB: Restoring possible half-written data pages 
2015-01-10 12:04:03 7156 [Note] InnoDB: from the doublewrite buffer...
2015-01-10 12:04:05 7156 [Note] InnoDB: 128 rollback segment(s) are active.
2015-01-10 12:04:05 7156 [Note] InnoDB: Waiting for purge to start
2015-01-10 12:04:06 7156 [Note] InnoDB: 5.6.13 started; log sequence number 2077475
2015-01-10 12:04:06 7156 [Note] Server hostname (bind-address): '*'; port: 3307
2015-01-10 12:04:06 7156 [Note] IPv6 is available.
2015-01-10 12:04:06 7156 [Note]   - '::' resolves to '::';
2015-01-10 12:04:06 7156 [Note] Server socket created on IP: '::'.
2015-01-10 12:04:06 7156 [Note] Event Scheduler: Loaded 0 events
2015-01-10 12:04:06 7156 [Note] I:\Web Server/mysql/bin/mysqld_usbwv8.exe: ready for connections.
Version: '5.6.13'  socket: ''  port: 3307  MySQL Community Server (GPL)
